=============training inheritates previous training of /home/hxie1/temp_netParameters/OvarianCancer/STNResNeXt/20190816_144630 ============
Program ID of Predictive Network training:  10382

Program commands: ['TrainResAttentionNet.py', '/home/hxie1/temp_netParameters/OvarianCancer/STNResNeXt/20190816_144630', '0', '/home/hxie1/data/OvarianCancerCT/pixelSize223/numpy', '/home/hxie1/data/OvarianCancerCT/patientResponseDict.json', '0', '2']
Training log is in /home/hxie1/Projects/OvarianCancer/trainLog/log_ResAttention_CV0_20190816_165221.txt
.........
Traceback (most recent call last):
  File "TrainResAttentionNet.py", line 402, in <module>
    main()
  File "TrainResAttentionNet.py", line 188, in main
    netMgr.loadNet("train")  # True for train
  File "/home/hxie1/Projects/OvarianCancer/NetMgr.py", line 27, in loadNet
    self.m_net.m_optimizer.load_state_dict(torch.load(os.path.join(self.m_netPath, "Optimizer.pt")))
  File "/home/hxie1/anaconda3/lib/python3.7/site-packages/torch/optim/optimizer.py", line 104, in load_state_dict
    state_dict = deepcopy(state_dict)
  File "/home/hxie1/anaconda3/lib/python3.7/copy.py", line 150, in deepcopy
    y = copier(x, memo)
  File "/home/hxie1/anaconda3/lib/python3.7/copy.py", line 240, in _deepcopy_dict
    y[deepcopy(key, memo)] = deepcopy(value, memo)
  File "/home/hxie1/anaconda3/lib/python3.7/copy.py", line 150, in deepcopy
    y = copier(x, memo)
  File "/home/hxie1/anaconda3/lib/python3.7/copy.py", line 240, in _deepcopy_dict
    y[deepcopy(key, memo)] = deepcopy(value, memo)
  File "/home/hxie1/anaconda3/lib/python3.7/copy.py", line 150, in deepcopy
    y = copier(x, memo)
  File "/home/hxie1/anaconda3/lib/python3.7/copy.py", line 240, in _deepcopy_dict
    y[deepcopy(key, memo)] = deepcopy(value, memo)
  File "/home/hxie1/anaconda3/lib/python3.7/copy.py", line 161, in deepcopy
    y = copier(memo)
  File "/home/hxie1/anaconda3/lib/python3.7/site-packages/torch/tensor.py", line 31, in __deepcopy__
    new_storage = self.storage().__deepcopy__(memo)
  File "/home/hxie1/anaconda3/lib/python3.7/site-packages/torch/storage.py", line 28, in __deepcopy__
    new_storage = self.clone()
  File "/home/hxie1/anaconda3/lib/python3.7/site-packages/torch/storage.py", line 44, in clone
    return type(self)(self.size()).copy_(self)
RuntimeError: CUDA out of memory. Tried to allocate 1024.00 MiB (GPU 0; 11.91 GiB total capacity; 3.83 GiB already allocated; 258.06 MiB free; 9.39 MiB cached)
