/home/hxie1/anaconda3/lib/python3.7/site-packages/torch/nn/functional.py:2494: UserWarning: Default upsampling behavior when mode=bilinear is changed to align_corners=False since 0.4.0. Please specify align_corners=True if the old behavior is desired. See the documentation of nn.Upsample for details.
  "See the documentation of nn.Upsample for details.".format(mode))
Experiment: expUnetTongren_20200313_9Surfaces_CV5_Sigma20
Network load from  /home/hxie1/data/OCT_Tongren/numpy/10FoldCVForMultiSurfaceNet/netParameters/SurfacesUnet/expUnetTongren_20200313_9Surfaces_CV5_Sigma20
============ End of Cross valiation test for OCT Multisurface Network: expUnetTongren_20200313_9Surfaces_CV5_Sigma20 ===========
/home/hxie1/anaconda3/lib/python3.7/site-packages/torch/nn/functional.py:2494: UserWarning: Default upsampling behavior when mode=bilinear is changed to align_corners=False since 0.4.0. Please specify align_corners=True if the old behavior is desired. See the documentation of nn.Upsample for details.
  "See the documentation of nn.Upsample for details.".format(mode))
Experiment: expUnetTongren_20200313_9Surfaces_CV5_Sigma20
Network load from  /home/hxie1/data/OCT_Tongren/numpy/10FoldCVForMultiSurfaceNet/netParameters/SurfacesUnet/expUnetTongren_20200313_9Surfaces_CV5_Sigma20
============ End of Cross valiation test for OCT Multisurface Network: expUnetTongren_20200313_9Surfaces_CV5_Sigma20 ===========
/home/hxie1/anaconda3/lib/python3.7/site-packages/torch/nn/functional.py:2494: UserWarning: Default upsampling behavior when mode=bilinear is changed to align_corners=False since 0.4.0. Please specify align_corners=True if the old behavior is desired. See the documentation of nn.Upsample for details.
  "See the documentation of nn.Upsample for details.".format(mode))
Experiment: expUnetTongren_20200313_9Surfaces_CV5_Sigma20
Network load from  /home/hxie1/data/OCT_Tongren/numpy/10FoldCVForMultiSurfaceNet/netParameters/SurfacesUnet/expUnetTongren_20200313_9Surfaces_CV5_Sigma20
============ End of Cross valiation test for OCT Multisurface Network: expUnetTongren_20200313_9Surfaces_CV5_Sigma20 ===========
/home/hxie1/anaconda3/lib/python3.7/site-packages/torch/nn/functional.py:2494: UserWarning: Default upsampling behavior when mode=bilinear is changed to align_corners=False since 0.4.0. Please specify align_corners=True if the old behavior is desired. See the documentation of nn.Upsample for details.
  "See the documentation of nn.Upsample for details.".format(mode))
Experiment: expUnetTongren_20200313_9Surfaces_CV5_Sigma20
Network load from  /home/hxie1/data/OCT_Tongren/numpy/10FoldCVForMultiSurfaceNet/netParameters/SurfacesUnet/expUnetTongren_20200313_9Surfaces_CV5_Sigma20
============ End of Cross valiation test for OCT Multisurface Network: expUnetTongren_20200313_9Surfaces_CV5_Sigma20 ===========
